2026-06-16 18:26:09,146 INFO GET / 404
2026-06-16 18:26:09,367 INFO GET /favicon.ico 404
2026-06-16 18:26:13,452 INFO GET /docs 200
2026-06-16 18:26:14,233 INFO GET /openapi.json 200
2026-06-16 19:07:38,530 INFO POST /accounts/login 200
2026-06-16 19:07:38,678 INFO POST /accounts/login 200
2026-06-16 19:12:31,327 INFO GET /stats/transactions-per-account 200
2026-06-16 21:04:01,961 INFO GET /accounts/me 401
2026-06-16 21:04:30,587 INFO POST /accounts/login 200
2026-06-16 21:04:31,214 INFO GET /accounts/me 200
2026-06-16 21:04:31,287 INFO GET /cards/ 200
2026-06-16 21:04:33,999 INFO GET /banks/ 200
2026-06-16 21:04:34,012 INFO GET /interests/ 200
2026-06-16 21:04:43,506 INFO GET /banks/ 200
2026-06-16 21:04:43,512 INFO GET /interests/ 200
2026-06-16 22:06:19,045 INFO GET /accounts/me 401
2026-06-16 22:07:41,421 INFO POST /accounts/login 200
2026-06-16 22:07:41,571 INFO GET /accounts/me 200
2026-06-16 22:07:41,674 INFO GET /cards/ 200
2026-06-16 22:07:49,847 INFO GET /banks/ 200
2026-06-16 22:07:49,915 INFO GET /interests/ 200
2026-06-16 22:08:12,564 INFO GET /banks/ 200
2026-06-16 22:08:12,571 INFO GET /interests/ 200
2026-06-16 22:33:38,935 INFO GET /accounts/me 401
2026-06-16 22:33:49,404 INFO POST /accounts/login 200
2026-06-16 22:33:49,454 INFO GET /accounts/me 200
2026-06-16 22:33:49,494 INFO GET /cards/ 200
2026-06-16 22:33:54,404 INFO GET /banks/ 200
2026-06-16 22:33:54,413 INFO GET /interests/ 200
2026-06-16 22:40:00,149 INFO GET /accounts/me 401
2026-06-16 22:40:09,439 INFO POST /accounts/login 200
2026-06-16 22:40:09,497 INFO GET /accounts/me 200
2026-06-16 22:40:09,535 INFO GET /cards/ 200
2026-06-16 22:40:11,302 INFO GET /banks/ 200
2026-06-16 22:40:11,312 INFO GET /interests/ 200
2026-06-16 23:21:09,993 INFO GET /accounts/me 401
2026-06-16 23:21:19,099 INFO POST /accounts/login 200
2026-06-16 23:21:19,170 INFO GET /accounts/me 200
2026-06-16 23:21:19,209 INFO GET /cards/ 200
2026-06-16 23:21:26,165 INFO GET /banks/ 200
2026-06-16 23:21:26,171 INFO GET /interests/ 200
2026-06-16 23:21:29,706 INFO POST /interests/ 200
2026-06-16 23:21:34,211 INFO GET /banks/ 200
2026-06-16 23:21:34,218 INFO GET /interests/ 200
2026-06-16 23:21:53,351 INFO POST /accounts/login 401
2026-06-16 23:22:00,534 INFO POST /accounts/login 200
2026-06-16 23:22:00,540 INFO GET /accounts/me 200
2026-06-16 23:22:00,546 INFO GET /cards/ 200
2026-06-16 23:22:00,592 INFO GET /accounts/me 200
2026-06-16 23:22:00,615 INFO GET /cards/ 200
2026-06-16 23:22:00,628 INFO GET /accounts/ 200
2026-06-16 23:22:00,664 INFO GET /cards/1 200
2026-06-16 23:22:00,665 INFO GET /cards/3 200
2026-06-16 23:22:00,694 INFO GET /cards/4 200
2026-06-16 23:22:00,699 INFO GET /cards/6 200
2026-06-16 23:22:00,703 INFO GET /cards/9 200
2026-06-16 23:22:12,005 INFO GET /accounts/ 200
2026-06-16 23:22:12,044 INFO GET /cards/1 200
2026-06-16 23:22:12,045 INFO GET /cards/3 200
2026-06-16 23:22:12,051 INFO GET /cards/4 200
2026-06-16 23:22:12,068 INFO GET /cards/9 200
2026-06-16 23:22:12,069 INFO GET /cards/6 200
2026-06-16 23:22:18,319 INFO GET /transactions/all 200
2026-06-16 23:22:23,340 INFO GET /interests/all 200
2026-06-16 23:22:28,730 INFO GET /accounts/me 200
2026-06-16 23:22:28,751 INFO GET /cards/ 200
2026-06-16 23:22:28,761 INFO GET /accounts/ 200
2026-06-16 23:22:28,791 INFO GET /cards/9 200
2026-06-16 23:22:28,792 INFO GET /cards/1 200
2026-06-16 23:22:28,794 INFO GET /cards/6 200
2026-06-16 23:22:28,797 INFO GET /cards/3 200
2026-06-16 23:22:28,799 INFO GET /cards/4 200
2026-06-16 23:22:32,291 INFO GET /accounts/ 200
2026-06-16 23:22:32,340 INFO GET /cards/9 200
2026-06-16 23:22:32,342 INFO GET /cards/3 200
2026-06-16 23:22:32,343 INFO GET /cards/6 200
2026-06-16 23:22:32,344 INFO GET /cards/4 200
2026-06-16 23:22:32,349 INFO GET /cards/1 200
2026-06-16 23:22:37,156 INFO GET /transactions/ 200
2026-06-16 23:22:38,793 INFO GET /accounts/me 200
2026-06-16 23:22:38,828 INFO GET /cards/ 200
2026-06-16 23:22:38,834 INFO GET /accounts/ 200
2026-06-16 23:22:38,847 INFO GET /cards/1 200
2026-06-16 23:22:38,849 INFO GET /cards/4 200
2026-06-16 23:22:38,889 INFO GET /cards/9 200
2026-06-16 23:22:38,891 INFO GET /cards/3 200
2026-06-16 23:22:38,896 INFO GET /cards/6 200
2026-06-16 23:22:40,662 INFO GET /transactions/ 200
2026-06-16 23:22:43,155 INFO GET /accounts/me 200
2026-06-16 23:22:43,202 INFO GET /cards/ 200
2026-06-16 23:22:43,218 INFO GET /accounts/ 200
2026-06-16 23:22:43,280 INFO GET /cards/4 200
2026-06-16 23:22:43,282 INFO GET /cards/1 200
2026-06-16 23:22:43,285 INFO GET /cards/3 200
2026-06-16 23:22:43,289 INFO GET /cards/9 200
2026-06-16 23:22:43,292 INFO GET /cards/6 200
2026-06-16 23:22:45,898 INFO GET /transactions/ 200
2026-06-16 23:22:48,049 INFO GET /accounts/me 200
2026-06-16 23:22:48,086 INFO GET /cards/ 200
2026-06-16 23:22:48,098 INFO GET /accounts/ 200
2026-06-16 23:22:48,133 INFO GET /cards/6 200
2026-06-16 23:22:48,134 INFO GET /cards/1 200
2026-06-16 23:22:48,134 INFO GET /cards/9 200
2026-06-16 23:22:48,135 INFO GET /cards/3 200
2026-06-16 23:22:48,137 INFO GET /cards/4 200
2026-06-16 23:24:14,548 INFO POST /accounts/login 200
2026-06-16 23:24:14,553 INFO GET /accounts/me 200
2026-06-16 23:24:14,559 INFO GET /cards/ 200
2026-06-16 23:24:16,848 INFO GET /banks/ 200
2026-06-16 23:24:16,854 INFO GET /interests/ 200
2026-06-16 23:24:24,336 INFO GET /transactions/ 200
2026-06-16 23:24:41,118 INFO POST /accounts/login 200
2026-06-16 23:24:41,123 INFO GET /accounts/me 200
2026-06-16 23:24:41,132 INFO GET /cards/ 200
2026-06-16 23:24:41,137 INFO GET /accounts/me 200
2026-06-16 23:24:41,180 INFO GET /cards/ 200
2026-06-16 23:24:41,195 INFO GET /accounts/ 200
2026-06-16 23:24:41,246 INFO GET /cards/1 200
2026-06-16 23:24:41,251 INFO GET /cards/6 200
2026-06-16 23:24:41,253 INFO GET /cards/3 200
2026-06-16 23:24:41,256 INFO GET /cards/9 200
2026-06-16 23:24:41,260 INFO GET /cards/4 200
2026-06-16 23:24:48,702 INFO GET /transactions/all 200
2026-06-16 23:24:53,250 INFO GET /interests/all 200
2026-06-16 23:25:29,334 INFO GET /accounts/me 200
2026-06-16 23:25:29,400 INFO GET /cards/ 200
2026-06-16 23:25:29,408 INFO GET /accounts/ 200
2026-06-16 23:25:29,439 INFO GET /cards/1 200
2026-06-16 23:25:29,441 INFO GET /cards/3 200
2026-06-16 23:25:29,447 INFO GET /cards/4 200
2026-06-16 23:25:29,448 INFO GET /cards/9 200
2026-06-16 23:25:29,448 INFO GET /cards/6 200
2026-06-16 23:25:37,703 INFO GET /transactions/all 200
2026-06-16 23:25:39,155 INFO GET /accounts/ 200
2026-06-16 23:25:39,200 INFO GET /cards/6 200
2026-06-16 23:25:39,201 INFO GET /cards/1 200
2026-06-16 23:25:39,202 INFO GET /cards/9 200
2026-06-16 23:25:39,204 INFO GET /cards/3 200
2026-06-16 23:25:39,207 INFO GET /cards/4 200
2026-06-16 23:46:36,981 INFO POST /accounts/login 200
2026-06-16 23:46:37,100 INFO GET /accounts/me 200
2026-06-16 23:46:37,150 INFO GET /cards/ 200
2026-06-16 23:46:37,162 INFO GET /accounts/me 200
2026-06-16 23:46:37,292 INFO GET /cards/ 200
2026-06-16 23:46:37,326 INFO GET /accounts/ 200
2026-06-16 23:46:37,350 INFO GET /cards/1 200
2026-06-16 23:46:37,379 INFO GET /cards/3 200
2026-06-16 23:46:37,382 INFO GET /cards/4 200
2026-06-16 23:46:37,401 INFO GET /cards/6 200
2026-06-16 23:46:37,410 INFO GET /cards/9 200
2026-06-16 23:46:41,011 INFO GET /transactions/all 200
2026-06-16 23:46:59,212 INFO GET /interests/all 200
2026-06-16 23:47:24,945 INFO GET /accounts/me 200
2026-06-16 23:47:24,996 INFO GET /cards/ 200
2026-06-16 23:47:25,062 INFO GET /accounts/ 200
2026-06-16 23:47:25,081 INFO GET /cards/1 200
2026-06-16 23:47:25,088 INFO GET /cards/4 200
2026-06-16 23:47:25,093 INFO GET /cards/3 200
2026-06-16 23:47:25,114 INFO GET /cards/6 200
2026-06-16 23:47:25,115 INFO GET /cards/9 200
2026-06-16 23:47:29,536 INFO GET /transactions/all 200
2026-06-16 23:47:31,051 INFO GET /accounts/ 200
2026-06-16 23:47:31,081 INFO GET /cards/1 200
2026-06-16 23:47:31,094 INFO GET /cards/3 200
2026-06-16 23:47:31,098 INFO GET /cards/6 200
2026-06-16 23:47:31,105 INFO GET /cards/4 200
2026-06-16 23:47:31,109 INFO GET /cards/9 200
2026-06-16 23:47:34,822 INFO GET /transactions/ 200
2026-06-16 23:47:39,373 INFO GET /accounts/me 200
2026-06-16 23:47:39,419 INFO GET /cards/ 200
2026-06-16 23:47:39,435 INFO GET /accounts/ 200
2026-06-16 23:47:39,504 INFO GET /cards/1 200
2026-06-16 23:47:39,514 INFO GET /cards/3 200
2026-06-16 23:47:39,517 INFO GET /cards/6 200
2026-06-16 23:47:39,521 INFO GET /cards/9 200
2026-06-16 23:47:39,527 INFO GET /cards/4 200
2026-06-16 23:48:07,237 INFO GET /docs 200
2026-06-16 23:48:07,886 INFO GET /openapi.json 200
2026-06-16 23:48:21,169 INFO POST /accounts/login 200
2026-06-16 23:48:33,095 INFO GET /accounts/ 200
2026-06-16 23:49:25,028 INFO PUT /accounts/9 400
2026-06-16 23:50:26,028 INFO DELETE /accounts/9 200
2026-06-16 23:50:26,035 INFO GET /accounts/ 200
2026-06-16 23:50:26,050 INFO GET /cards/1 200
2026-06-16 23:50:26,051 INFO GET /cards/3 200
2026-06-16 23:50:26,055 INFO GET /cards/4 200
2026-06-16 23:50:26,057 INFO GET /cards/6 200
2026-06-16 23:50:32,911 INFO PUT /cards/2 400
2026-06-16 23:52:23,528 INFO POST /cards/ 401
2026-06-16 23:53:05,746 INFO POST /accounts/login 200
2026-06-16 23:53:05,752 INFO GET /accounts/me 200
2026-06-16 23:53:05,756 INFO GET /cards/ 200
2026-06-16 23:53:05,761 INFO GET /accounts/me 200
2026-06-16 23:53:05,792 INFO GET /cards/ 200
2026-06-16 23:53:05,804 INFO GET /accounts/ 200
2026-06-16 23:53:05,837 INFO GET /cards/3 200
2026-06-16 23:53:05,838 INFO GET /cards/1 200
2026-06-16 23:53:05,864 INFO GET /cards/4 200
2026-06-16 23:53:05,866 INFO GET /cards/6 200
2026-06-16 23:53:10,255 INFO GET /accounts/ 200
2026-06-16 23:53:10,296 INFO GET /cards/3 200
2026-06-16 23:53:10,302 INFO GET /cards/6 200
2026-06-16 23:53:10,304 INFO GET /cards/1 200
2026-06-16 23:53:10,309 INFO GET /cards/4 200
2026-06-16 23:53:25,046 INFO POST /cards/ 400
2026-06-16 23:54:19,142 INFO GET /accounts/ 401
2026-06-16 23:54:26,447 INFO GET /accounts/ 401
2026-06-16 23:54:43,574 INFO POST /accounts/login 200
2026-06-16 23:56:09,237 INFO GET /accounts/ 200
2026-06-16 23:56:50,560 INFO POST /cards/ 400
2026-06-16 23:57:01,234 INFO POST /cards/ 400
2026-06-16 23:57:17,867 INFO POST /cards/ 201
2026-06-16 23:57:50,340 INFO POST /cards/ 201
2026-06-16 23:57:50,363 INFO GET /accounts/ 200
2026-06-16 23:57:50,389 INFO GET /cards/1 200
2026-06-16 23:57:50,396 INFO GET /cards/3 200
2026-06-16 23:57:50,399 INFO GET /cards/6 200
2026-06-16 23:57:50,400 INFO GET /cards/4 200
2026-06-16 23:58:05,161 INFO DELETE /cards/8 200
2026-06-16 23:58:05,168 INFO GET /accounts/ 200
2026-06-16 23:58:05,197 INFO GET /cards/1 200
2026-06-16 23:58:05,200 INFO GET /cards/4 200
2026-06-16 23:58:05,201 INFO GET /cards/3 200
2026-06-16 23:58:05,207 INFO GET /cards/6 200
2026-06-16 23:58:26,810 INFO GET /accounts/ 401
2026-06-16 23:58:29,108 INFO GET /accounts/ 401
2026-06-16 23:58:30,222 INFO GET /transactions/all 401
2026-06-16 23:58:33,266 INFO GET /accounts/ 401
2026-06-16 23:58:35,031 INFO GET /interests/all 401
2026-06-16 23:58:36,623 INFO GET /accounts/me 401
2026-06-16 23:58:52,889 INFO POST /accounts/login 200
2026-06-16 23:58:52,898 INFO GET /accounts/me 200
2026-06-16 23:58:52,909 INFO GET /cards/ 200
2026-06-16 23:58:52,951 INFO GET /accounts/me 200
2026-06-16 23:58:52,972 INFO GET /cards/ 200
2026-06-16 23:58:53,004 INFO GET /accounts/ 200
2026-06-16 23:58:53,054 INFO GET /cards/6 200
2026-06-16 23:58:53,056 INFO GET /cards/1 200
2026-06-16 23:58:53,057 INFO GET /cards/3 200
2026-06-16 23:58:53,059 INFO GET /cards/4 200
2026-06-16 23:58:57,111 INFO GET /transactions/ 200
2026-06-16 23:58:58,674 INFO GET /accounts/me 200
2026-06-16 23:58:58,713 INFO GET /cards/ 200
2026-06-16 23:58:58,738 INFO GET /accounts/ 200
2026-06-16 23:58:58,767 INFO GET /cards/4 200
2026-06-16 23:58:58,768 INFO GET /cards/1 200
2026-06-16 23:58:58,770 INFO GET /cards/3 200
2026-06-16 23:58:58,778 INFO GET /cards/6 200
2026-06-16 23:59:05,917 INFO GET /accounts/ 200
2026-06-16 23:59:05,957 INFO GET /cards/1 200
2026-06-16 23:59:05,969 INFO GET /cards/6 200
2026-06-16 23:59:05,970 INFO GET /cards/3 200
2026-06-16 23:59:05,973 INFO GET /cards/4 200
2026-06-16 23:59:55,738 INFO POST /accounts/register 400
2026-06-17 00:01:37,913 INFO POST /accounts/register 201
2026-06-17 00:01:37,925 INFO GET /accounts/ 200
2026-06-17 00:01:37,937 INFO GET /cards/1 200
2026-06-17 00:01:37,966 INFO GET /cards/3 200
2026-06-17 00:01:37,970 INFO GET /cards/6 200
2026-06-17 00:01:37,971 INFO GET /cards/7 200
2026-06-17 00:01:37,973 INFO GET /cards/4 200
2026-06-17 00:02:01,226 INFO POST /cards/ 201
2026-06-17 00:02:01,245 INFO GET /accounts/ 200
2026-06-17 00:02:01,271 INFO GET /cards/1 200
2026-06-17 00:02:01,283 INFO GET /cards/3 200
2026-06-17 00:02:01,313 INFO GET /cards/7 200
2026-06-17 00:02:01,314 INFO GET /cards/6 200
2026-06-17 00:02:01,315 INFO GET /cards/4 200
2026-06-17 00:02:13,271 INFO POST /accounts/login 200
2026-06-17 00:02:13,281 INFO GET /accounts/me 200
2026-06-17 00:02:13,289 INFO GET /cards/ 200
2026-06-17 00:02:17,192 INFO GET /banks/ 200
2026-06-17 00:02:17,203 INFO GET /interests/ 200
2026-06-17 00:02:20,617 INFO POST /interests/ 400
2026-06-17 00:04:24,038 INFO GET /banks/ 200
2026-06-17 00:04:24,054 INFO GET /interests/ 200
2026-06-17 00:04:28,452 INFO POST /interests/ 200
2026-06-17 00:04:57,777 INFO POST /transactions/ 200
2026-06-17 00:04:57,789 INFO GET /accounts/me 200
2026-06-17 00:04:57,801 INFO GET /cards/ 200
2026-06-17 00:05:18,447 INFO POST /accounts/login 200
2026-06-17 00:05:18,457 INFO GET /accounts/me 200
2026-06-17 00:05:18,466 INFO GET /cards/ 200
2026-06-17 00:05:18,474 INFO GET /accounts/me 200
2026-06-17 00:05:18,533 INFO GET /cards/ 200
2026-06-17 00:05:18,550 INFO GET /accounts/ 200
2026-06-17 00:05:18,605 INFO GET /cards/1 200
2026-06-17 00:05:18,612 INFO GET /cards/3 200
2026-06-17 00:05:18,615 INFO GET /cards/4 200
2026-06-17 00:05:18,621 INFO GET /cards/6 200
2026-06-17 00:05:18,622 INFO GET /cards/7 200
2026-06-17 00:05:20,257 INFO GET /transactions/all 200
2026-06-17 08:18:41,385 INFO GET /accounts/me 401
2026-06-17 08:19:02,936 INFO POST /accounts/login 401
2026-06-17 08:19:20,829 INFO POST /accounts/login 200
2026-06-17 08:19:20,941 INFO GET /accounts/me 200
2026-06-17 08:19:21,010 INFO GET /cards/ 200
2026-06-17 08:19:27,427 INFO GET /accounts/me 401
2026-06-17 08:19:44,818 INFO POST /accounts/login 200
2026-06-17 08:19:44,899 INFO GET /accounts/me 200
2026-06-17 08:19:44,949 INFO GET /cards/ 200
2026-06-17 08:19:47,390 INFO GET /banks/ 200
2026-06-17 08:19:47,400 INFO GET /interests/ 200
2026-06-17 08:20:34,740 INFO POST /accounts/login 200
2026-06-17 08:20:34,765 INFO GET /accounts/me 200
2026-06-17 08:20:34,773 INFO GET /cards/ 200
2026-06-17 08:20:34,783 INFO GET /accounts/me 200
2026-06-17 08:20:34,914 INFO GET /cards/ 200
2026-06-17 08:20:34,947 INFO GET /accounts/ 200
2026-06-17 08:20:35,057 INFO GET /cards/1 200
2026-06-17 08:20:35,064 INFO GET /cards/4 200
2026-06-17 08:20:35,071 INFO GET /cards/3 200
2026-06-17 08:20:35,073 INFO GET /cards/7 200
2026-06-17 08:20:35,077 INFO GET /cards/6 200
2026-06-17 08:20:42,563 INFO GET /transactions/ 200
2026-06-17 08:20:44,238 INFO GET /accounts/me 200
2026-06-17 08:20:44,273 INFO GET /cards/ 200
2026-06-17 08:20:44,294 INFO GET /accounts/ 200
2026-06-17 08:20:44,329 INFO GET /cards/1 200
2026-06-17 08:20:44,335 INFO GET /cards/3 200
2026-06-17 08:20:44,339 INFO GET /cards/4 200
2026-06-17 08:20:44,341 INFO GET /cards/6 200
2026-06-17 08:20:44,343 INFO GET /cards/7 200
2026-06-17 08:20:46,502 INFO GET /transactions/all 200
2026-06-17 08:21:18,159 INFO GET /accounts/ 200
2026-06-17 08:21:18,202 INFO GET /cards/1 200
2026-06-17 08:21:18,244 INFO GET /cards/4 200
2026-06-17 08:21:18,246 INFO GET /cards/3 200
2026-06-17 08:21:18,254 INFO GET /cards/7 200
2026-06-17 08:21:18,258 INFO GET /cards/6 200
2026-06-17 09:27:09,435 INFO GET /accounts/me 401
2026-06-17 09:53:33,546 INFO POST /accounts/login 200
2026-06-17 09:53:33,687 INFO GET /accounts/me 200
2026-06-17 09:53:33,773 INFO GET /cards/ 200
2026-06-17 09:53:36,941 INFO GET /transactions/ 200
2026-06-17 09:53:40,337 INFO GET /banks/ 200
2026-06-17 09:53:40,348 INFO GET /interests/ 200
2026-06-17 09:54:14,568 INFO POST /accounts/login 200
2026-06-17 09:54:14,578 INFO GET /accounts/me 200
2026-06-17 09:54:14,588 INFO GET /cards/ 200
2026-06-17 09:54:14,598 INFO GET /accounts/me 200
2026-06-17 09:54:14,656 INFO GET /cards/ 200
2026-06-17 09:54:14,672 INFO GET /accounts/ 200
2026-06-17 09:54:14,712 INFO GET /cards/1 200
2026-06-17 09:54:14,716 INFO GET /cards/3 200
2026-06-17 09:54:14,720 INFO GET /cards/6 200
2026-06-17 09:54:14,720 INFO GET /cards/7 200
2026-06-17 09:54:14,723 INFO GET /cards/4 200
2026-06-17 09:54:26,776 INFO GET /transactions/account/1 404
2026-06-17 09:54:33,568 INFO GET /accounts/ 200
2026-06-17 09:54:33,623 INFO GET /cards/1 200
2026-06-17 09:54:33,625 INFO GET /cards/3 200
2026-06-17 09:54:33,628 INFO GET /cards/4 200
2026-06-17 09:54:33,631 INFO GET /cards/6 200
2026-06-17 09:54:33,632 INFO GET /cards/7 200
2026-06-17 09:54:34,795 INFO GET /transactions/all 200
2026-06-17 09:54:36,882 INFO GET /cards/all/ 307
2026-06-17 09:54:36,900 INFO GET /cards/all 401
2026-06-17 09:54:36,902 INFO GET /interests/all 200
2026-06-17 09:54:47,040 INFO POST /accounts/login 200
2026-06-17 09:54:47,048 INFO GET /accounts/me 200
2026-06-17 09:54:47,057 INFO GET /cards/ 200
2026-06-17 09:54:47,066 INFO GET /accounts/me 200
2026-06-17 09:54:47,111 INFO GET /cards/ 200
2026-06-17 09:54:47,137 INFO GET /accounts/ 200
2026-06-17 09:54:47,185 INFO GET /cards/1 200
2026-06-17 09:54:47,189 INFO GET /cards/7 200
2026-06-17 09:54:47,191 INFO GET /cards/4 200
2026-06-17 09:54:47,192 INFO GET /cards/6 200
2026-06-17 09:54:47,193 INFO GET /cards/3 200
2026-06-17 09:54:49,330 INFO GET /cards/all/ 307
2026-06-17 09:54:49,339 INFO GET /cards/all 401
2026-06-17 09:54:49,344 INFO GET /interests/all 200
2026-06-17 09:59:05,169 INFO GET /docs 200
2026-06-17 09:59:06,508 INFO GET /openapi.json 200
2026-06-17 09:59:21,638 INFO POST /accounts/login 200
2026-06-17 09:59:41,001 INFO PUT /banks/1 200
2026-06-17 10:00:05,825 INFO GET /accounts/me 401
2026-06-17 10:01:31,146 INFO POST /accounts/login 200
2026-06-17 10:01:31,332 INFO GET /accounts/me 200
2026-06-17 10:01:31,409 INFO GET /cards/ 200
2026-06-17 10:01:31,424 INFO GET /accounts/me 200
2026-06-17 10:01:31,564 INFO GET /cards/ 200
2026-06-17 10:01:31,584 INFO GET /accounts/ 200
2026-06-17 10:01:31,625 INFO GET /cards/1 200
2026-06-17 10:01:31,642 INFO GET /cards/4 200
2026-06-17 10:01:31,646 INFO GET /cards/7 200
2026-06-17 10:01:31,647 INFO GET /cards/3 200
2026-06-17 10:01:31,656 INFO GET /cards/6 200
2026-06-17 10:01:37,551 INFO GET /cards/all/ 307
2026-06-17 10:01:37,566 INFO GET /cards/all 401
2026-06-17 10:01:37,568 INFO GET /interests/all 200
2026-06-17 10:02:12,639 INFO POST /accounts/login 200
2026-06-17 10:02:12,649 INFO GET /accounts/me 200
2026-06-17 10:02:12,658 INFO GET /cards/ 200
2026-06-17 10:02:12,666 INFO GET /accounts/me 200
2026-06-17 10:02:12,719 INFO GET /cards/ 200
2026-06-17 10:02:12,734 INFO GET /accounts/ 200
2026-06-17 10:02:12,779 INFO GET /cards/3 200
2026-06-17 10:02:12,780 INFO GET /cards/6 200
2026-06-17 10:02:12,782 INFO GET /cards/1 200
2026-06-17 10:02:12,784 INFO GET /cards/4 200
2026-06-17 10:02:12,789 INFO GET /cards/7 200
2026-06-17 10:02:34,748 INFO GET /stats/transactions-per-account 200
2026-06-17 10:02:39,104 INFO GET /audit-logs/ 200
2026-06-17 10:05:21,286 INFO GET /accounts/me 401
2026-06-17 10:05:34,463 INFO POST /accounts/login 200
2026-06-17 10:05:34,543 INFO GET /accounts/me 200
2026-06-17 10:05:34,594 INFO GET /cards/ 200
2026-06-17 10:05:34,609 INFO GET /accounts/me 200
2026-06-17 10:05:34,729 INFO GET /cards/ 200
2026-06-17 10:05:34,759 INFO GET /accounts/ 200
2026-06-17 10:05:34,804 INFO GET /cards/1 200
2026-06-17 10:05:34,808 INFO GET /cards/3 200
2026-06-17 10:05:34,810 INFO GET /cards/7 200
2026-06-17 10:05:34,812 INFO GET /cards/6 200
2026-06-17 10:05:34,813 INFO GET /cards/4 200
2026-06-17 10:05:36,512 INFO GET /interests/all 200
2026-06-17 10:05:36,513 INFO GET /cards/all 200
2026-06-17 10:05:55,868 INFO GET /accounts/me 200
2026-06-17 10:05:55,922 INFO GET /cards/ 200
2026-06-17 10:05:55,935 INFO GET /accounts/ 200
2026-06-17 10:05:55,985 INFO GET /cards/1 200
2026-06-17 10:05:55,994 INFO GET /cards/6 200
2026-06-17 10:05:55,996 INFO GET /cards/7 200
2026-06-17 10:05:55,997 INFO GET /cards/4 200
2026-06-17 10:05:56,000 INFO GET /cards/3 200
2026-06-17 10:05:57,406 INFO GET /stats/transactions-per-account 200
2026-06-17 10:10:25,285 INFO POST /accounts/login 200
2026-06-17 10:10:25,296 INFO GET /accounts/me 200
2026-06-17 10:10:25,306 INFO GET /cards/ 200
2026-06-17 10:10:43,244 INFO PUT /accounts/me 200
2026-06-17 10:10:46,445 INFO GET /banks/ 200
2026-06-17 10:10:46,455 INFO GET /interests/ 200
2026-06-17 10:10:51,410 INFO GET /banks/ 200
2026-06-17 10:10:51,413 INFO GET /interests/ 200
2026-06-17 10:11:07,097 INFO GET /banks/ 200
2026-06-17 10:11:07,101 INFO GET /interests/ 200
2026-06-17 10:11:19,961 INFO GET /banks/ 200
2026-06-17 10:11:19,967 INFO GET /interests/ 200
2026-06-17 10:11:22,437 INFO POST /interests/ 200
2026-06-17 10:11:35,299 INFO POST /interests/4/withdraw 200
2026-06-17 10:11:35,973 INFO POST /interests/5/withdraw 200
2026-06-17 10:11:39,747 INFO GET /banks/ 200
2026-06-17 10:11:39,752 INFO GET /interests/ 200
2026-06-17 10:11:59,300 INFO POST /accounts/login 200
2026-06-17 10:11:59,313 INFO GET /accounts/me 200
2026-06-17 10:11:59,324 INFO GET /cards/ 200
2026-06-17 10:12:01,206 INFO GET /banks/ 200
2026-06-17 10:12:01,211 INFO GET /interests/ 200
2026-06-17 10:12:08,968 INFO GET /banks/ 200
2026-06-17 10:12:08,970 INFO GET /interests/ 200
2026-06-17 10:12:14,229 INFO POST /interests/ 200
2026-06-17 10:12:18,118 INFO GET /banks/ 200
2026-06-17 10:12:18,123 INFO GET /interests/ 200
2026-06-17 10:12:34,324 INFO POST /accounts/login 200
2026-06-17 10:12:34,333 INFO GET /accounts/me 200
2026-06-17 10:12:34,344 INFO GET /cards/ 200
2026-06-17 10:12:38,531 INFO GET /banks/ 200
2026-06-17 10:12:38,539 INFO GET /interests/ 200
2026-06-17 10:12:40,365 INFO POST /interests/6/withdraw 200
2026-06-17 10:12:52,326 INFO POST /accounts/login 200
2026-06-17 10:12:52,338 INFO GET /accounts/me 200
2026-06-17 10:12:52,347 INFO GET /cards/ 200
2026-06-17 10:13:06,514 INFO POST /accounts/login 200
2026-06-17 10:13:06,520 INFO GET /accounts/me 200
2026-06-17 10:13:06,529 INFO GET /cards/ 200
2026-06-17 10:14:07,783 INFO POST /accounts/login 200
2026-06-17 10:14:07,801 INFO GET /accounts/me 200
2026-06-17 10:14:07,811 INFO GET /cards/ 200
2026-06-17 10:14:07,928 INFO GET /accounts/me 200
2026-06-17 10:14:07,974 INFO GET /cards/ 200
2026-06-17 10:14:08,059 INFO GET /accounts/ 200
2026-06-17 10:14:08,221 INFO GET /cards/1 200
2026-06-17 10:14:08,392 INFO GET /cards/4 200
2026-06-17 10:14:08,393 INFO GET /cards/7 200
2026-06-17 10:14:08,402 INFO GET /cards/3 200
2026-06-17 10:14:08,404 INFO GET /cards/6 200
2026-06-17 10:14:14,228 INFO GET /accounts/ 200
2026-06-17 10:14:14,320 INFO GET /cards/4 200
2026-06-17 10:14:14,324 INFO GET /cards/1 200
2026-06-17 10:14:14,331 INFO GET /cards/3 200
2026-06-17 10:14:14,346 INFO GET /cards/6 200
2026-06-17 10:14:14,359 INFO GET /cards/7 200
2026-06-17 10:15:22,986 INFO POST /accounts/register 201
2026-06-17 10:15:22,997 INFO GET /accounts/ 200
2026-06-17 10:15:23,035 INFO GET /cards/4 200
2026-06-17 10:15:23,046 INFO GET /cards/3 200
2026-06-17 10:15:23,048 INFO GET /cards/1 200
2026-06-17 10:15:23,057 INFO GET /cards/7 200
2026-06-17 10:15:23,059 INFO GET /cards/6 200
2026-06-17 10:15:23,059 INFO GET /cards/8 200
2026-06-17 10:15:30,872 INFO DELETE /cards/6 200
2026-06-17 10:15:30,883 INFO GET /accounts/ 200
2026-06-17 10:15:30,915 INFO GET /cards/1 200
2026-06-17 10:15:30,923 INFO GET /cards/3 200
2026-06-17 10:15:30,926 INFO GET /cards/7 200
2026-06-17 10:15:30,927 INFO GET /cards/4 200
2026-06-17 10:15:30,928 INFO GET /cards/8 200
2026-06-17 10:15:30,934 INFO GET /cards/6 200
2026-06-17 10:16:23,439 INFO POST /cards/ 201
2026-06-17 10:16:23,456 INFO GET /accounts/ 200
2026-06-17 10:16:23,509 INFO GET /cards/3 200
2026-06-17 10:16:23,513 INFO GET /cards/1 200
2026-06-17 10:16:23,516 INFO GET /cards/7 200
2026-06-17 10:16:23,518 INFO GET /cards/4 200
2026-06-17 10:16:23,519 INFO GET /cards/8 200
2026-06-17 10:16:23,519 INFO GET /cards/6 200
2026-06-17 10:17:01,104 INFO POST /accounts/register 201
2026-06-17 10:17:01,117 INFO GET /accounts/ 200
2026-06-17 10:17:01,177 INFO GET /cards/1 200
2026-06-17 10:17:01,181 INFO GET /cards/3 200
2026-06-17 10:17:01,183 INFO GET /cards/9 200
2026-06-17 10:17:01,190 INFO GET /cards/8 200
2026-06-17 10:17:01,192 INFO GET /cards/7 200
2026-06-17 10:17:01,195 INFO GET /cards/4 200
2026-06-17 10:17:01,200 INFO GET /cards/6 200
2026-06-17 10:21:43,247 INFO GET /accounts/me 401
2026-06-17 10:21:56,830 INFO POST /accounts/login 200
2026-06-17 10:21:56,924 INFO GET /accounts/me 200
2026-06-17 10:21:56,988 INFO GET /cards/ 200
2026-06-17 10:21:57,346 INFO GET /accounts/me 200
2026-06-17 10:21:57,745 INFO GET /cards/ 200
2026-06-17 10:21:57,787 INFO GET /accounts/ 200
2026-06-17 10:21:57,807 INFO GET /cards/1 200
2026-06-17 10:21:57,856 INFO GET /cards/3 200
2026-06-17 10:21:57,875 INFO GET /cards/6 200
2026-06-17 10:21:57,876 INFO GET /cards/8 200
2026-06-17 10:21:57,879 INFO GET /cards/7 200
2026-06-17 10:21:57,893 INFO GET /cards/9 200
2026-06-17 10:21:57,894 INFO GET /cards/4 200
2026-06-17 10:22:01,938 INFO GET /stats/transactions-per-account 200
2026-06-17 10:22:17,357 INFO GET /interests/all 200
2026-06-17 10:22:17,361 INFO GET /cards/all 200
2026-06-17 10:22:20,645 INFO GET /accounts/me 200
2026-06-17 10:22:20,720 INFO GET /cards/ 200
2026-06-17 10:22:20,741 INFO GET /accounts/ 200
2026-06-17 10:22:20,791 INFO GET /cards/3 200
2026-06-17 10:22:20,792 INFO GET /cards/1 200
2026-06-17 10:22:20,798 INFO GET /cards/4 200
2026-06-17 10:22:20,800 INFO GET /cards/6 200
2026-06-17 10:22:20,805 INFO GET /cards/7 200
2026-06-17 10:22:20,808 INFO GET /cards/9 200
2026-06-17 10:22:20,813 INFO GET /cards/8 200
2026-06-17 10:22:22,784 INFO GET /stats/transactions-per-account 200
2026-06-17 10:22:55,180 INFO GET /audit-logs/ 200
2026-06-17 10:23:01,322 INFO GET /stats/transactions-per-account 200
2026-06-17 10:23:02,914 INFO GET /interests/all 200
2026-06-17 10:23:02,918 INFO GET /cards/all 200
2026-06-17 10:23:04,079 INFO GET /accounts/me 200
2026-06-17 10:23:04,137 INFO GET /cards/ 200
2026-06-17 10:23:04,165 INFO GET /accounts/ 200
2026-06-17 10:23:04,213 INFO GET /cards/1 200
2026-06-17 10:23:04,215 INFO GET /cards/3 200
2026-06-17 10:23:04,232 INFO GET /cards/4 200
2026-06-17 10:23:04,237 INFO GET /cards/6 200
2026-06-17 10:23:04,241 INFO GET /cards/7 200
2026-06-17 10:23:04,242 INFO GET /cards/8 200
2026-06-17 10:23:04,245 INFO GET /cards/9 200
2026-06-17 10:23:09,684 INFO GET /transactions/all 200
2026-06-17 10:23:10,362 INFO GET /transactions/all 200
2026-06-17 10:23:11,582 INFO GET /accounts/ 200
2026-06-17 10:23:11,629 INFO GET /cards/1 200
2026-06-17 10:23:11,648 INFO GET /cards/3 200
2026-06-17 10:23:11,653 INFO GET /cards/4 200
2026-06-17 10:23:11,653 INFO GET /cards/7 200
2026-06-17 10:23:11,656 INFO GET /cards/9 200
2026-06-17 10:23:11,656 INFO GET /cards/8 200
2026-06-17 10:23:11,664 INFO GET /cards/6 200
2026-06-17 10:23:18,475 INFO GET /stats/transactions-per-account 200
2026-06-17 10:24:43,563 INFO GET /accounts/me 401
2026-06-17 10:24:58,341 INFO POST /accounts/login 200
2026-06-17 10:24:58,421 INFO GET /accounts/me 200
2026-06-17 10:24:58,489 INFO GET /cards/ 200
2026-06-17 10:24:58,540 INFO GET /accounts/me 200
2026-06-17 10:24:58,731 INFO GET /cards/ 200
2026-06-17 10:24:58,762 INFO GET /accounts/ 200
2026-06-17 10:24:58,824 INFO GET /cards/3 200
2026-06-17 10:24:58,828 INFO GET /cards/1 200
2026-06-17 10:24:58,837 INFO GET /cards/4 200
2026-06-17 10:24:58,847 INFO GET /cards/7 200
2026-06-17 10:24:58,850 INFO GET /cards/9 200
2026-06-17 10:24:58,851 INFO GET /cards/8 200
2026-06-17 10:24:58,852 INFO GET /cards/6 200
2026-06-17 10:25:34,082 INFO POST /accounts/register 201
2026-06-17 10:25:34,105 INFO GET /accounts/ 200
2026-06-17 10:25:34,144 INFO GET /cards/1 200
2026-06-17 10:25:34,145 INFO GET /cards/7 200
2026-06-17 10:25:34,145 INFO GET /cards/4 200
2026-06-17 10:25:34,147 INFO GET /cards/3 200
2026-06-17 10:25:34,178 INFO GET /cards/10 200
2026-06-17 10:25:34,181 INFO GET /cards/9 200
2026-06-17 10:25:34,187 INFO GET /cards/8 200
2026-06-17 10:25:34,190 INFO GET /cards/6 200
2026-06-17 10:26:04,727 INFO POST /accounts/register 201
2026-06-17 10:26:04,740 INFO GET /accounts/ 200
2026-06-17 10:26:04,770 INFO GET /cards/1 200
2026-06-17 10:26:04,777 INFO GET /cards/3 200
2026-06-17 10:26:04,804 INFO GET /cards/8 200
2026-06-17 10:26:04,807 INFO GET /cards/4 200
2026-06-17 10:26:04,808 INFO GET /cards/7 200
2026-06-17 10:26:04,810 INFO GET /cards/6 200
2026-06-17 10:26:04,815 INFO GET /cards/9 200
2026-06-17 10:26:04,824 INFO GET /cards/11 200
2026-06-17 10:26:04,826 INFO GET /cards/10 200
2026-06-17 10:27:01,519 INFO POST /cards/ 201
2026-06-17 10:27:01,545 INFO GET /accounts/ 200
2026-06-17 10:27:01,557 INFO GET /cards/1 200
2026-06-17 10:27:01,570 INFO GET /cards/4 200
2026-06-17 10:27:01,623 INFO GET /cards/7 200
2026-06-17 10:27:01,626 INFO GET /cards/3 200
2026-06-17 10:27:01,639 INFO GET /cards/8 200
2026-06-17 10:27:01,640 INFO GET /cards/9 200
2026-06-17 10:27:01,656 INFO GET /cards/6 200
2026-06-17 10:27:01,660 INFO GET /cards/11 200
2026-06-17 10:27:01,662 INFO GET /cards/10 200
2026-06-17 10:27:09,325 INFO GET /stats/transactions-per-account 200
2026-06-17 10:27:11,970 INFO GET /transactions/all 200
2026-06-17 10:27:13,880 INFO GET /audit-logs/ 200
2026-06-17 10:27:15,180 INFO GET /stats/transactions-per-account 200
2026-06-17 10:27:15,768 INFO GET /accounts/ 200
2026-06-17 10:27:15,825 INFO GET /cards/1 200
2026-06-17 10:27:15,838 INFO GET /cards/9 200
2026-06-17 10:27:15,843 INFO GET /cards/4 200
2026-06-17 10:27:15,850 INFO GET /cards/7 200
2026-06-17 10:27:15,851 INFO GET /cards/8 200
2026-06-17 10:27:15,857 INFO GET /cards/10 200
2026-06-17 10:27:15,858 INFO GET /cards/11 200
2026-06-17 10:27:15,861 INFO GET /cards/3 200
2026-06-17 10:27:15,865 INFO GET /cards/6 200
2026-06-17 10:27:18,417 INFO GET /transactions/account/7 200
2026-06-17 10:27:26,473 INFO GET /accounts/ 200
2026-06-17 10:27:26,542 INFO GET /cards/1 200
2026-06-17 10:27:26,551 INFO GET /cards/6 200
2026-06-17 10:27:26,552 INFO GET /cards/3 200
2026-06-17 10:27:26,554 INFO GET /cards/8 200
2026-06-17 10:27:26,555 INFO GET /cards/7 200
2026-06-17 10:27:26,558 INFO GET /cards/9 200
2026-06-17 10:27:26,560 INFO GET /cards/11 200
2026-06-17 10:27:26,564 INFO GET /cards/4 200
2026-06-17 10:27:26,566 INFO GET /cards/10 200
2026-06-17 10:27:36,591 INFO POST /accounts/login 200
2026-06-17 10:27:36,601 INFO GET /accounts/me 200
2026-06-17 10:27:36,611 INFO GET /cards/ 200
2026-06-17 10:27:36,625 INFO GET /cards/ 200
2026-06-17 10:28:03,170 INFO POST /transactions/ 200
2026-06-17 10:28:03,180 INFO GET /accounts/me 200
2026-06-17 10:28:03,191 INFO GET /cards/ 200
2026-06-17 10:28:04,520 INFO GET /cards/ 200
2026-06-17 10:28:05,792 INFO GET /transactions/ 200
2026-06-17 10:28:07,534 INFO GET /cards/ 200
2026-06-17 10:28:09,669 INFO GET /banks/ 200
2026-06-17 10:28:09,677 INFO GET /interests/ 200
2026-06-17 10:28:13,299 INFO POST /interests/ 200
2026-06-17 10:28:14,822 INFO GET /cards/ 200
2026-06-17 10:28:30,008 INFO POST /accounts/login 200
2026-06-17 10:28:30,017 INFO GET /accounts/me 200
2026-06-17 10:28:30,026 INFO GET /cards/ 200
2026-06-17 10:28:30,033 INFO GET /accounts/me 200
2026-06-17 10:28:30,082 INFO GET /cards/ 200
2026-06-17 10:28:30,103 INFO GET /accounts/ 200
2026-06-17 10:28:30,164 INFO GET /cards/1 200
2026-06-17 10:28:30,170 INFO GET /cards/4 200
2026-06-17 10:28:30,173 INFO GET /cards/3 200
2026-06-17 10:28:30,181 INFO GET /cards/7 200
2026-06-17 10:28:30,184 INFO GET /cards/6 200
2026-06-17 10:28:30,185 INFO GET /cards/10 200
2026-06-17 10:28:30,187 INFO GET /cards/9 200
2026-06-17 10:28:30,188 INFO GET /cards/11 200
2026-06-17 10:28:30,190 INFO GET /cards/8 200
2026-06-17 10:28:32,182 INFO GET /stats/transactions-per-account 200
2026-06-17 10:28:33,700 INFO GET /accounts/ 200
2026-06-17 10:28:33,771 INFO GET /cards/11 200
2026-06-17 10:28:33,778 INFO GET /cards/9 200
2026-06-17 10:28:33,785 INFO GET /cards/6 200
2026-06-17 10:28:33,788 INFO GET /cards/7 200
2026-06-17 10:28:33,792 INFO GET /cards/8 200
2026-06-17 10:28:33,793 INFO GET /cards/10 200
2026-06-17 10:28:33,794 INFO GET /cards/4 200
2026-06-17 10:28:33,795 INFO GET /cards/3 200
2026-06-17 10:28:33,796 INFO GET /cards/1 200
2026-06-17 10:28:34,085 INFO GET /audit-logs/ 200
2026-06-17 10:28:34,447 INFO GET /transactions/all 200
2026-06-17 10:28:35,175 INFO GET /interests/all 200
2026-06-17 10:28:35,177 INFO GET /cards/all 200
2026-06-17 10:28:36,489 INFO GET /accounts/me 200
2026-06-17 10:28:36,550 INFO GET /cards/ 200
2026-06-17 10:28:36,563 INFO GET /accounts/ 200
2026-06-17 10:28:36,623 INFO GET /cards/11 200
2026-06-17 10:28:36,625 INFO GET /cards/3 200
2026-06-17 10:28:36,633 INFO GET /cards/9 200
2026-06-17 10:28:36,636 INFO GET /cards/10 200
2026-06-17 10:28:36,640 INFO GET /cards/8 200
2026-06-17 10:28:36,641 INFO GET /cards/1 200
2026-06-17 10:28:36,643 INFO GET /cards/7 200
2026-06-17 10:28:36,644 INFO GET /cards/6 200
2026-06-17 10:28:36,646 INFO GET /cards/4 200
2026-06-17 10:28:37,715 INFO GET /audit-logs/ 200
2026-06-17 11:37:06,257 INFO GET /accounts/me 401
2026-06-17 11:37:23,273 INFO POST /accounts/login 200
2026-06-17 11:37:23,355 INFO GET /accounts/me 200
2026-06-17 11:37:23,414 INFO GET /cards/ 200
2026-06-17 11:37:23,430 INFO GET /cards/ 200
2026-06-17 13:16:00,395 INFO GET /accounts/me 401
2026-06-17 13:16:22,218 INFO POST /accounts/login 200
2026-06-17 13:16:22,256 INFO GET /accounts/me 200
2026-06-17 13:16:22,286 INFO GET /cards/ 200
2026-06-17 13:16:22,454 INFO GET /accounts/me 200
2026-06-17 13:16:22,676 INFO GET /cards/ 200
2026-06-17 13:16:22,696 INFO GET /accounts/ 200
2026-06-17 13:16:22,741 INFO GET /cards/1 200
2026-06-17 13:16:22,747 INFO GET /cards/3 200
2026-06-17 13:16:22,752 INFO GET /cards/6 200
2026-06-17 13:16:22,752 INFO GET /cards/4 200
2026-06-17 13:16:22,753 INFO GET /cards/8 200
2026-06-17 13:16:22,753 INFO GET /cards/11 200
2026-06-17 13:16:22,754 INFO GET /cards/9 200
2026-06-17 13:16:22,756 INFO GET /cards/10 200
2026-06-17 13:16:22,758 INFO GET /cards/7 200
2026-06-17 13:17:30,073 INFO DELETE /accounts/10 200
2026-06-17 13:17:30,082 INFO GET /accounts/ 200
2026-06-17 13:17:30,106 INFO GET /cards/1 200
2026-06-17 13:17:30,109 INFO GET /cards/3 200
2026-06-17 13:17:30,111 INFO GET /cards/4 200
2026-06-17 13:17:30,112 INFO GET /cards/6 200
2026-06-17 13:17:30,112 INFO GET /cards/8 200
2026-06-17 13:17:30,114 INFO GET /cards/7 200
2026-06-17 13:17:30,115 INFO GET /cards/9 200
2026-06-17 13:17:30,116 INFO GET /cards/11 200
2026-06-17 13:17:31,863 INFO DELETE /accounts/11 200
2026-06-17 13:17:31,872 INFO GET /accounts/ 200
2026-06-17 13:17:31,899 INFO GET /cards/9 200
2026-06-17 13:17:31,902 INFO GET /cards/1 200
2026-06-17 13:17:31,902 INFO GET /cards/3 200
2026-06-17 13:17:31,905 INFO GET /cards/6 200
2026-06-17 13:17:31,905 INFO GET /cards/4 200
2026-06-17 13:17:31,906 INFO GET /cards/8 200
2026-06-17 13:17:31,906 INFO GET /cards/7 200
2026-06-17 13:17:49,493 INFO GET /stats/transactions-per-account 200
2026-06-17 13:57:43,508 INFO GET /accounts/me 401
2026-06-17 13:59:15,434 INFO GET /accounts/me 401
2026-06-17 14:29:31,696 INFO GET /accounts/me 401
2026-06-17 14:29:48,318 INFO POST /accounts/login 200
2026-06-17 14:29:48,378 INFO GET /accounts/me 200
2026-06-17 14:29:48,444 INFO GET /cards/ 200
2026-06-17 14:29:48,466 INFO GET /accounts/me 200
2026-06-17 14:29:48,649 INFO GET /cards/ 200
2026-06-17 14:29:48,668 INFO GET /accounts/ 200
2026-06-17 14:29:48,731 INFO GET /cards/3 200
2026-06-17 14:29:48,734 INFO GET /cards/1 200
2026-06-17 14:29:48,741 INFO GET /cards/4 200
2026-06-17 14:29:48,743 INFO GET /cards/6 200
2026-06-17 14:29:48,747 INFO GET /cards/8 200
2026-06-17 14:29:48,752 INFO GET /cards/7 200
2026-06-17 14:29:48,755 INFO GET /cards/9 200
2026-06-17 14:30:00,730 INFO GET /transactions/account/1 200
2026-06-17 14:30:03,980 INFO GET /accounts/ 200
2026-06-17 14:30:04,024 INFO GET /cards/3 200
2026-06-17 14:30:04,031 INFO GET /cards/4 200
2026-06-17 14:30:04,037 INFO GET /cards/1 200
2026-06-17 14:30:04,039 INFO GET /cards/6 200
2026-06-17 14:30:04,040 INFO GET /cards/8 200
2026-06-17 14:30:04,041 INFO GET /cards/7 200
2026-06-17 14:30:04,045 INFO GET /cards/9 200
2026-06-17 14:30:14,914 INFO GET /transactions/all 200
2026-06-17 14:30:20,927 INFO GET /cards/all 200
2026-06-17 14:30:20,936 INFO GET /interests/all 200
2026-06-17 14:30:28,617 INFO GET /accounts/me 200
2026-06-17 14:30:28,667 INFO GET /cards/ 200
2026-06-17 14:30:28,689 INFO GET /accounts/ 200
2026-06-17 14:30:28,745 INFO GET /cards/1 200
2026-06-17 14:30:28,746 INFO GET /cards/6 200
2026-06-17 14:30:28,748 INFO GET /cards/3 200
2026-06-17 14:30:28,750 INFO GET /cards/7 200
2026-06-17 14:30:28,752 INFO GET /cards/4 200
2026-06-17 14:30:28,754 INFO GET /cards/9 200
2026-06-17 14:30:28,757 INFO GET /cards/8 200
2026-06-17 14:30:29,815 INFO GET /stats/transactions-per-account 200
2026-06-17 14:30:34,812 INFO GET /audit-logs/ 200
2026-06-17 14:30:51,748 INFO POST /accounts/login 200
2026-06-17 14:30:51,759 INFO GET /accounts/me 200
2026-06-17 14:30:51,767 INFO GET /cards/ 200
2026-06-17 14:30:51,779 INFO GET /cards/ 200
2026-06-17 14:31:16,734 INFO POST /transactions/ 200
2026-06-17 14:31:16,747 INFO GET /accounts/me 200
2026-06-17 14:31:16,757 INFO GET /cards/ 200
2026-06-17 14:31:18,950 INFO GET /cards/ 200
2026-06-17 14:31:26,931 INFO GET /transactions/ 200
2026-06-17 14:31:32,272 INFO GET /cards/ 200
2026-06-17 14:31:33,538 INFO GET /banks/ 200
2026-06-17 14:31:33,553 INFO GET /interests/ 200
2026-06-17 14:31:50,461 INFO GET /cards/ 200
